-------------------------------------------------------------------------------
Test set: edu.ncsu.csc.itrust2.apitest.APILogEntryTest
-------------------------------------------------------------------------------
Tests run: 2, Failures: 0, Errors: 0, Skipped: 0, Time elapsed: 2.548 s - in edu.ncsu.csc.itrust2.apitest.APILogEntryTest
testLogByDateLarge(edu.ncsu.csc.itrust2.apitest.APILogEntryTest)  Time elapsed: 2.517 s
testLogByDate(edu.ncsu.csc.itrust2.apitest.APILogEntryTest)  Time elapsed: 0.019 s
