-------------------------------------------------------------------------------
Test set: edu.ncsu.csc.itrust2.unit.LabProcedureTest
-------------------------------------------------------------------------------
Tests run: 3, Failures: 0, Errors: 0, Skipped: 0, Time elapsed: 0.488 s - in edu.ncsu.csc.itrust2.unit.LabProcedureTest
testLabProcedure(edu.ncsu.csc.itrust2.unit.LabProcedureTest)  Time elapsed: 0.141 s
testGetBy(edu.ncsu.csc.itrust2.unit.LabProcedureTest)  Time elapsed: 0.273 s
testLabProcedureForm(edu.ncsu.csc.itrust2.unit.LabProcedureTest)  Time elapsed: 0.073 s
