-------------------------------------------------------------------------------
Test set: edu.ncsu.csc.itrust2.unit.AppointmentRequestTest
-------------------------------------------------------------------------------
Tests run: 3, Failures: 0, Errors: 0, Skipped: 0, Time elapsed: 0.021 s - in edu.ncsu.csc.itrust2.unit.AppointmentRequestTest
testOpthalmologyAppointmentRequest(edu.ncsu.csc.itrust2.unit.AppointmentRequestTest)  Time elapsed: 0.001 s
testGeneralCheckupAppointmentRequest(edu.ncsu.csc.itrust2.unit.AppointmentRequestTest)  Time elapsed: 0.014 s
testGeneralOpthalmologyAppointmentRequest(edu.ncsu.csc.itrust2.unit.AppointmentRequestTest)  Time elapsed: 0.005 s
