-------------------------------------------------------------------------------
Test set: edu.ncsu.csc.itrust2.apitest.APIPersonnelTest
-------------------------------------------------------------------------------
Tests run: 3, Failures: 0, Errors: 0, Skipped: 0, Time elapsed: 0.389 s - in edu.ncsu.csc.itrust2.apitest.APIPersonnelTest
testGetNonExistentPersonnel(edu.ncsu.csc.itrust2.apitest.APIPersonnelTest)  Time elapsed: 0.027 s
testGetByRole(edu.ncsu.csc.itrust2.apitest.APIPersonnelTest)  Time elapsed: 0.063 s
testPersonnelAPI(edu.ncsu.csc.itrust2.apitest.APIPersonnelTest)  Time elapsed: 0.284 s
