-------------------------------------------------------------------------------
Test set: edu.ncsu.csc.itrust2.unit.FoodDiaryEntryTest
-------------------------------------------------------------------------------
Tests run: 3, Failures: 0, Errors: 0, Skipped: 0, Time elapsed: 0.027 s - in edu.ncsu.csc.itrust2.unit.FoodDiaryEntryTest
testDiaryEntryInvalid(edu.ncsu.csc.itrust2.unit.FoodDiaryEntryTest)  Time elapsed: 0 s
testDiaryEntry(edu.ncsu.csc.itrust2.unit.FoodDiaryEntryTest)  Time elapsed: 0.009 s
testGetByPatient(edu.ncsu.csc.itrust2.unit.FoodDiaryEntryTest)  Time elapsed: 0.018 s
