-------------------------------------------------------------------------------
Test set: edu.ncsu.csc.itrust2.apitest.APILabProcedureTest
-------------------------------------------------------------------------------
Tests run: 4, Failures: 0, Errors: 0, Skipped: 0, Time elapsed: 10.197 s - in edu.ncsu.csc.itrust2.apitest.APILabProcedureTest
testGetMyProcedures(edu.ncsu.csc.itrust2.apitest.APILabProcedureTest)  Time elapsed: 1.555 s
testLabProcedureLabTechAPI(edu.ncsu.csc.itrust2.apitest.APILabProcedureTest)  Time elapsed: 2.364 s
testGetLabProcedures(edu.ncsu.csc.itrust2.apitest.APILabProcedureTest)  Time elapsed: 2.747 s
testLabProcedureHCPAPI(edu.ncsu.csc.itrust2.apitest.APILabProcedureTest)  Time elapsed: 3.519 s
