-------------------------------------------------------------------------------
Test set: edu.ncsu.csc.itrust2.apitest.APIPasswordTest
-------------------------------------------------------------------------------
Tests run: 3, Failures: 0, Errors: 0, Skipped: 0, Time elapsed: 7.484 s - in edu.ncsu.csc.itrust2.apitest.APIPasswordTest
testRequestReset(edu.ncsu.csc.itrust2.apitest.APIPasswordTest)  Time elapsed: 6.372 s
testInvalidPasswordChanges(edu.ncsu.csc.itrust2.apitest.APIPasswordTest)  Time elapsed: 0.33 s
testValidPasswordChanges(edu.ncsu.csc.itrust2.apitest.APIPasswordTest)  Time elapsed: 0.755 s
