-------------------------------------------------------------------------------
Test set: edu.ncsu.csc.itrust2.unit.LOINCTest
-------------------------------------------------------------------------------
Tests run: 3, Failures: 0, Errors: 0, Skipped: 0, Time elapsed: 0.019 s - in edu.ncsu.csc.itrust2.unit.LOINCTest
testCodes(edu.ncsu.csc.itrust2.unit.LOINCTest)  Time elapsed: 0 s
testGetBy(edu.ncsu.csc.itrust2.unit.LOINCTest)  Time elapsed: 0.016 s
testInvalidCodes(edu.ncsu.csc.itrust2.unit.LOINCTest)  Time elapsed: 0.001 s
