-------------------------------------------------------------------------------
Test set: edu.ncsu.csc.itrust2.apitest.APIGeneralOphthalmologyTest
-------------------------------------------------------------------------------
Tests run: 4, Failures: 0, Errors: 0, Skipped: 0, Time elapsed: 2.838 s - in edu.ncsu.csc.itrust2.apitest.APIGeneralOphthalmologyTest
testPreScheduledGeneralOphthalmology(edu.ncsu.csc.itrust2.apitest.APIGeneralOphthalmologyTest)  Time elapsed: 0.502 s
testDeleteNonExistentOfficeVisit(edu.ncsu.csc.itrust2.apitest.APIGeneralOphthalmologyTest)  Time elapsed: 0.059 s
testGetNonExistentOfficeVisit(edu.ncsu.csc.itrust2.apitest.APIGeneralOphthalmologyTest)  Time elapsed: 0.014 s
testGeneralOphthalmologyAPI(edu.ncsu.csc.itrust2.apitest.APIGeneralOphthalmologyTest)  Time elapsed: 0.804 s
