-------------------------------------------------------------------------------
Test set: edu.ncsu.csc.itrust2.unit.GeneralCheckupTest
-------------------------------------------------------------------------------
Tests run: 2, Failures: 0, Errors: 0, Skipped: 0, Time elapsed: 0.339 s - in edu.ncsu.csc.itrust2.unit.GeneralCheckupTest
testGeneralCheckups(edu.ncsu.csc.itrust2.unit.GeneralCheckupTest)  Time elapsed: 0.317 s
testGeneralCheckupForm(edu.ncsu.csc.itrust2.unit.GeneralCheckupTest)  Time elapsed: 0.02 s
