-------------------------------------------------------------------------------
Test set: edu.ncsu.csc.itrust2.unit.GeneralOphthalmologyTest
-------------------------------------------------------------------------------
Tests run: 3, Failures: 0, Errors: 0, Skipped: 0, Time elapsed: 0.335 s - in edu.ncsu.csc.itrust2.unit.GeneralOphthalmologyTest
testMissingBHM(edu.ncsu.csc.itrust2.unit.GeneralOphthalmologyTest)  Time elapsed: 0.09 s
testGeneralOphthalmology(edu.ncsu.csc.itrust2.unit.GeneralOphthalmologyTest)  Time elapsed: 0.088 s
testGeneralOphthalmologyForm(edu.ncsu.csc.itrust2.unit.GeneralOphthalmologyTest)  Time elapsed: 0.013 s
