-------------------------------------------------------------------------------
Test set: edu.ncsu.csc.itrust2.apitest.APIUserTest
-------------------------------------------------------------------------------
Tests run: 4, Failures: 0, Errors: 0, Skipped: 0, Time elapsed: 0.485 s - in edu.ncsu.csc.itrust2.apitest.APIUserTest
testUserAPI(edu.ncsu.csc.itrust2.apitest.APIUserTest)  Time elapsed: 0.458 s
testGetNonExistentUser(edu.ncsu.csc.itrust2.apitest.APIUserTest)  Time elapsed: 0.007 s
testAdminRole(edu.ncsu.csc.itrust2.apitest.APIUserTest)  Time elapsed: 0.004 s
testNoRole(edu.ncsu.csc.itrust2.apitest.APIUserTest)  Time elapsed: 0.006 s
