-------------------------------------------------------------------------------
Test set: edu.ncsu.csc.itrust2.apitest.APIAppointmentRequestTest
-------------------------------------------------------------------------------
Tests run: 4, Failures: 0, Errors: 0, Skipped: 0, Time elapsed: 0.539 s - in edu.ncsu.csc.itrust2.apitest.APIAppointmentRequestTest
testCreateBadAppointmentRequest(edu.ncsu.csc.itrust2.apitest.APIAppointmentRequestTest)  Time elapsed: 0.194 s
testAppointmentRequestAPI(edu.ncsu.csc.itrust2.apitest.APIAppointmentRequestTest)  Time elapsed: 0.313 s
testDeleteNonExistentAppointment(edu.ncsu.csc.itrust2.apitest.APIAppointmentRequestTest)  Time elapsed: 0.006 s
testGetNonExistentAppointment(edu.ncsu.csc.itrust2.apitest.APIAppointmentRequestTest)  Time elapsed: 0.021 s
