-------------------------------------------------------------------------------
Test set: edu.ncsu.csc.itrust2.apitest.APIOphthalmologySurgeryTest
-------------------------------------------------------------------------------
Tests run: 4, Failures: 0, Errors: 0, Skipped: 0, Time elapsed: 1.992 s - in edu.ncsu.csc.itrust2.apitest.APIOphthalmologySurgeryTest
testOphthalmologySurgeryAPI(edu.ncsu.csc.itrust2.apitest.APIOphthalmologySurgeryTest)  Time elapsed: 1.09 s
testPreScheduledOphthalmologySurgery(edu.ncsu.csc.itrust2.apitest.APIOphthalmologySurgeryTest)  Time elapsed: 0.779 s
testDeleteNonExistentOfficeVisit(edu.ncsu.csc.itrust2.apitest.APIOphthalmologySurgeryTest)  Time elapsed: 0.081 s
testGetNonExistentOfficeVisit(edu.ncsu.csc.itrust2.apitest.APIOphthalmologySurgeryTest)  Time elapsed: 0.018 s
