-------------------------------------------------------------------------------
Test set: edu.ncsu.csc.itrust2.unit.PasswordChangeTest
-------------------------------------------------------------------------------
Tests run: 2, Failures: 0, Errors: 0, Skipped: 0, Time elapsed: 2.304 s - in edu.ncsu.csc.itrust2.unit.PasswordChangeTest
testPasswordReset(edu.ncsu.csc.itrust2.unit.PasswordChangeTest)  Time elapsed: 1.718 s
testPasswordChangeForm(edu.ncsu.csc.itrust2.unit.PasswordChangeTest)  Time elapsed: 0.585 s
